<?xml version="1.0" encoding="UTF-8"?>
<!-- Generated by org.testng.reporters.JUnitReportReporter -->
<testsuite hostname="DESKTOP-Kei" failures="0" tests="1" name="Chips_001_실행.실행과로그인테스트" time="51.479" errors="0" timestamp="2021-05-15T13:15:38 KST" skipped="0">
  <testcase classname="Chips_001_실행.실행과로그인테스트" name="TC_앱실행_000" time="51.479"/>
  <system-out/>
</testsuite> <!-- Chips_001_실행.실행과로그인테스트 -->
