<?xml version="1.0" encoding="UTF-8"?>
<!-- Generated by org.testng.reporters.JUnitReportReporter -->
<testsuite hostname="DESKTOP-Kei" failures="0" tests="1" name="Chips_001_실행.실행과로그인테스트" time="47.369" errors="0" timestamp="14 May 2021 12:00:01 GMT">
  <testcase classname="Chips_001_실행.실행과로그인테스트" name="TC_앱실행_000" time="47.369"/>
</testsuite> <!-- Chips_001_실행.실행과로그인테스트 -->
